<?xml version="1.0" encoding="UTF-8"?>
<!-- Generated by org.testng.reporters.JUnitReportReporter -->
<testsuite skipped="0" hostname="LAPTOP-A313QKMS-rajesh" name="mobiotics.lco.testCases.TC_Report_RefundReportTest" tests="1" failures="0" timestamp="12 Jun 2019 06:58:42 GMT" time="28.672" errors="0">
  <testcase name="refundReportTest" time="28.672" classname="mobiotics.lco.testCases.TC_Report_RefundReportTest"/>
</testsuite> <!-- mobiotics.lco.testCases.TC_Report_RefundReportTest -->
