<?xml version="1.0" encoding="UTF-8"?>
<!-- Generated by org.testng.reporters.JUnitReportReporter -->
<testsuite skipped="0" hostname="DESKTOP-B0A316T" name="mobiotics.lco.testCases.Tc_Profile" tests="1" failures="0" timestamp="02 Jun 2019 08:45:03 GMT" time="38.842" errors="0">
  <testcase name="profileTestMethod" time="38.842" classname="mobiotics.lco.testCases.Tc_Profile"/>
</testsuite> <!-- mobiotics.lco.testCases.Tc_Profile -->
