<?xml version="1.0" encoding="UTF-8"?>
<!-- Generated by org.testng.reporters.JUnitReportReporter -->
<testsuite skipped="0" hostname="LAPTOP-A313QKMS-rajesh" name="mobiotics.lco.testCases.Add_A_Al_Carte_Pack_006" tests="1" failures="0" timestamp="03 Jun 2019 07:03:41 GMT" time="30.704" errors="0">
  <testcase name="activateAddAlA_Carte" time="30.704" classname="mobiotics.lco.testCases.Add_A_Al_Carte_Pack_006"/>
</testsuite> <!-- mobiotics.lco.testCases.Add_A_Al_Carte_Pack_006 -->
