<?xml version="1.0" encoding="UTF-8"?>
<!-- Generated by org.testng.reporters.JUnitReportReporter -->
<testsuite skipped="0" hostname="DESKTOP-B0A316T" name="mobiotics.lco.testCases.TC_Report_STBReplacementReport" tests="1" failures="0" timestamp="02 Jun 2019 07:36:32 GMT" time="22.142" errors="0">
  <testcase name="stbreplacementReportTestMethod" time="22.142" classname="mobiotics.lco.testCases.TC_Report_STBReplacementReport"/>
</testsuite> <!-- mobiotics.lco.testCases.TC_Report_STBReplacementReport -->
