<?xml version="1.0" encoding="UTF-8"?>
<!-- Generated by org.testng.reporters.JUnitReportReporter -->
<testsuite skipped="0" hostname="LAPTOP-A313QKMS-rajesh" name="mobiotics.lco.testCases.Activate_Indigital_pay_Bouquet_004" tests="1" failures="0" timestamp="30 Jul 2019 08:11:26 GMT" time="17.420" errors="0">
  <testcase name="Activate_Indigital_Plane" time="17.420" classname="mobiotics.lco.testCases.Activate_Indigital_pay_Bouquet_004"/>
</testsuite> <!-- mobiotics.lco.testCases.Activate_Indigital_pay_Bouquet_004 -->
