<?xml version="1.0" encoding="UTF-8"?>
<!-- Generated by org.testng.reporters.JUnitReportReporter -->
<testsuite skipped="0" hostname="LAPTOP-A313QKMS-rajesh" name="mobiotics.lco.testCases.TC_ActivateBasePlane_003" tests="1" failures="0" timestamp="30 Jul 2019 08:42:18 GMT" time="13.261" errors="0">
  <testcase name="ActivateBasePlane" time="13.261" classname="mobiotics.lco.testCases.TC_ActivateBasePlane_003"/>
</testsuite> <!-- mobiotics.lco.testCases.TC_ActivateBasePlane_003 -->
