<?xml version="1.0" encoding="UTF-8"?>
<!-- Generated by org.testng.reporters.JUnitReportReporter -->
<testsuite skipped="0" hostname="LAPTOP-A313QKMS-rajesh" name="mobiotics.lco.testCases.TC_NavigateToAlertPage_002" tests="1" failures="0" timestamp="29 Jul 2019 10:05:06 GMT" time="13.064" errors="0">
  <testcase name="alertPage" time="13.064" classname="mobiotics.lco.testCases.TC_NavigateToAlertPage_002"/>
</testsuite> <!-- mobiotics.lco.testCases.TC_NavigateToAlertPage_002 -->
