<?xml version="1.0" encoding="UTF-8"?>
<!-- Generated by org.testng.reporters.JUnitReportReporter -->
<testsuite skipped="0" hostname="LAPTOP-A313QKMS" name="mobiotics.lco.testCases.TC_Credit_11" tests="1" failures="0" timestamp="28 Mar 2019 06:11:54 GMT" time="41.251" errors="0">
  <testcase name="addCredit" time="41.251" classname="mobiotics.lco.testCases.TC_Credit_11"/>
</testsuite> <!-- mobiotics.lco.testCases.TC_Credit_11 -->
