<?xml version="1.0" encoding="UTF-8"?>
<!-- Generated by org.testng.reporters.JUnitReportReporter -->
<testsuite skipped="0" hostname="DESKTOP-B0A316T" name="mobiotics.lco.testCases.TC_ModifyCustomer" tests="1" failures="0" timestamp="02 Jun 2019 08:45:37 GMT" time="28.369" errors="0">
  <testcase name="modifyCustomerTestMethod" time="28.369" classname="mobiotics.lco.testCases.TC_ModifyCustomer"/>
</testsuite> <!-- mobiotics.lco.testCases.TC_ModifyCustomer -->
