<?xml version="1.0" encoding="UTF-8"?>
<!-- Generated by org.testng.reporters.JUnitReportReporter -->
<testsuite skipped="0" hostname="DESKTOP-B0A316T" name="mobiotics.lco.testCases.TC_AutoRenewPageTest" tests="1" failures="0" timestamp="02 Jun 2019 07:13:54 GMT" time="14.637" errors="0">
  <testcase name="testAutoRenew" time="14.637" classname="mobiotics.lco.testCases.TC_AutoRenewPageTest"/>
</testsuite> <!-- mobiotics.lco.testCases.TC_AutoRenewPageTest -->
