<?xml version="1.0" encoding="UTF-8"?>
<!-- Generated by org.testng.reporters.JUnitReportReporter -->
<testsuite skipped="0" hostname="DESKTOP-B0A316T" name="mobiotics.lco.testCases.TC_ExpiryReportPageTest" tests="1" failures="0" timestamp="02 Jun 2019 07:19:39 GMT" time="10.245" errors="0">
  <testcase name="expiryReportTest" time="10.245" classname="mobiotics.lco.testCases.TC_ExpiryReportPageTest"/>
</testsuite> <!-- mobiotics.lco.testCases.TC_ExpiryReportPageTest -->
