<?xml version="1.0" encoding="UTF-8"?>
<!-- Generated by org.testng.reporters.JUnitReportReporter -->
<testsuite skipped="0" hostname="DESKTOP-B0A316T" name="mobiotics.lco.testCases.TC_Report_EKYCReport" tests="1" failures="0" timestamp="02 Jun 2019 07:37:36 GMT" time="30.966" errors="0">
  <testcase name="ekycReportTestMethod" time="30.966" classname="mobiotics.lco.testCases.TC_Report_EKYCReport"/>
</testsuite> <!-- mobiotics.lco.testCases.TC_Report_EKYCReport -->
