<?xml version="1.0" encoding="UTF-8"?>
<!-- Generated by org.testng.reporters.JUnitReportReporter -->
<testsuite skipped="0" hostname="LAPTOP-A313QKMS-rajesh" name="mobiotics.lco.testCases.TC_ChangeBasePack_010" tests="1" failures="0" timestamp="30 Jul 2019 08:50:52 GMT" time="48.124" errors="0">
  <testcase name="changeBasePack" time="48.124" classname="mobiotics.lco.testCases.TC_ChangeBasePack_010"/>
</testsuite> <!-- mobiotics.lco.testCases.TC_ChangeBasePack_010 -->
