<?xml version="1.0" encoding="UTF-8"?>
<!-- Generated by org.testng.reporters.JUnitReportReporter -->
<testsuite skipped="0" hostname="DESKTOP-B0A316T" name="mobiotics.lco.testCases.TC_Logout" tests="1" failures="0" timestamp="23 May 2019 13:10:36 GMT" time="9.828" errors="0">
  <testcase name="testLogout" time="9.828" classname="mobiotics.lco.testCases.TC_Logout"/>
</testsuite> <!-- mobiotics.lco.testCases.TC_Logout -->
