<?xml version="1.0" encoding="UTF-8"?>
<!-- Generated by org.testng.reporters.JUnitReportReporter -->
<testsuite skipped="0" hostname="DESKTOP-B0A316T" name="mobiotics.lco.testCases.TC_Reconnect_009" tests="1" failures="0" timestamp="02 Jun 2019 07:04:44 GMT" time="29.389" errors="0">
  <testcase name="reconnctPlane" time="29.389" classname="mobiotics.lco.testCases.TC_Reconnect_009"/>
</testsuite> <!-- mobiotics.lco.testCases.TC_Reconnect_009 -->
