<?xml version="1.0" encoding="UTF-8"?>
<!-- Generated by org.testng.reporters.JUnitReportReporter -->
<testsuite skipped="0" hostname="DESKTOP-B0A316T" name="mobiotics.lco.testCases.TC_STBReplacement" tests="1" failures="0" timestamp="02 Jun 2019 08:42:56 GMT" time="36.061" errors="0">
  <testcase name="stbReplacementTestMethod" time="36.061" classname="mobiotics.lco.testCases.TC_STBReplacement"/>
</testsuite> <!-- mobiotics.lco.testCases.TC_STBReplacement -->
