<?xml version="1.0" encoding="UTF-8"?>
<!-- Generated by org.testng.reporters.JUnitReportReporter -->
<testsuite skipped="0" hostname="LAPTOP-A313QKMS" name="mobiotics.lco.testCases.TC_LoginTest_001" tests="1" failures="0" timestamp="28 Mar 2019 09:51:15 GMT" time="12.172" errors="0">
  <testcase name="loginTest" time="12.172" classname="mobiotics.lco.testCases.TC_LoginTest_001"/>
</testsuite> <!-- mobiotics.lco.testCases.TC_LoginTest_001 -->
