<?xml version="1.0" encoding="UTF-8"?>
<!-- Generated by org.testng.reporters.JUnitReportReporter -->
<testsuite skipped="0" hostname="DESKTOP-B0A316T" name="mobiotics.lco.testCases.TC_SubscriberCustomerSelection" tests="1" failures="0" timestamp="02 Jun 2019 08:43:41 GMT" time="21.962" errors="0">
  <testcase name="customerSelectionTestMethod" time="21.962" classname="mobiotics.lco.testCases.TC_SubscriberCustomerSelection"/>
</testsuite> <!-- mobiotics.lco.testCases.TC_SubscriberCustomerSelection -->
