<?xml version="1.0" encoding="UTF-8"?>
<!-- Generated by org.testng.reporters.JUnitReportReporter -->
<testsuite skipped="0" hostname="DESKTOP-B0A316T" name="mobiotics.lco.testCases.TC_Report_Bills" tests="1" failures="0" timestamp="02 Jun 2019 07:22:52 GMT" time="43.979" errors="0">
  <testcase name="billsTestMethod" time="43.979" classname="mobiotics.lco.testCases.TC_Report_Bills"/>
</testsuite> <!-- mobiotics.lco.testCases.TC_Report_Bills -->
