<?xml version="1.0" encoding="UTF-8"?>
<!-- Generated by org.testng.reporters.JUnitReportReporter -->
<testsuite skipped="0" hostname="LAPTOP-A313QKMS" name="mobiotics.lco.testCases.TC_ExpiryReport_013" tests="1" failures="0" timestamp="28 Mar 2019 06:11:54 GMT" time="7.865" errors="0">
  <testcase name="expiryReport" time="7.865" classname="mobiotics.lco.testCases.TC_ExpiryReport_013"/>
</testsuite> <!-- mobiotics.lco.testCases.TC_ExpiryReport_013 -->
