<?xml version="1.0" encoding="UTF-8"?>
<!-- Generated by org.testng.reporters.JUnitReportReporter -->
<testsuite skipped="0" hostname="DESKTOP-B0A316T" name="mobiotics.lco.testCases.TC_Report_ExpiredReport" tests="1" failures="0" timestamp="02 Jun 2019 07:21:09 GMT" time="13.305" errors="0">
  <testcase name="expiredReportTest" time="13.305" classname="mobiotics.lco.testCases.TC_Report_ExpiredReport"/>
</testsuite> <!-- mobiotics.lco.testCases.TC_Report_ExpiredReport -->
