<?xml version="1.0" encoding="UTF-8"?>
<!-- Generated by org.testng.reporters.JUnitReportReporter -->
<testsuite skipped="0" hostname="DESKTOP-B0A316T" name="mobiotics.lco.testCases.ActivationReportDemo" tests="1" failures="0" timestamp="21 May 2019 11:25:19 GMT" time="32.345" errors="0">
  <testcase name="testActivationReport" time="32.345" classname="mobiotics.lco.testCases.ActivationReportDemo"/>
</testsuite> <!-- mobiotics.lco.testCases.ActivationReportDemo -->
