<?xml version="1.0" encoding="UTF-8"?>
<!-- Generated by org.testng.reporters.JUnitReportReporter -->
<testsuite skipped="0" hostname="DESKTOP-B0A316T" name="mobiotics.lco.testCases.TC_Report_ActivationReport" tests="1" failures="0" timestamp="02 Jun 2019 07:18:19 GMT" time="18.323" errors="0">
  <testcase name="activationReport" time="18.323" classname="mobiotics.lco.testCases.TC_Report_ActivationReport"/>
</testsuite> <!-- mobiotics.lco.testCases.TC_Report_ActivationReport -->
