<?xml version="1.0" encoding="UTF-8"?>
<!-- Generated by org.testng.reporters.JUnitReportReporter -->
<testsuite skipped="0" hostname="DESKTOP-B0A316T" name="mobiotics.lco.testCases.TC_Report_PaymentReport" tests="1" failures="0" timestamp="02 Jun 2019 07:35:11 GMT" time="59.295" errors="0">
  <testcase name="paymentReportTestMethod" time="59.295" classname="mobiotics.lco.testCases.TC_Report_PaymentReport"/>
</testsuite> <!-- mobiotics.lco.testCases.TC_Report_PaymentReport -->
