<?xml version="1.0" encoding="UTF-8"?>
<!-- Generated by org.testng.reporters.JUnitReportReporter -->
<testsuite skipped="0" hostname="LAPTOP-2NQTA952" name="mobiotics.sys.testCases.ReportTest" tests="1" failures="0" timestamp="26 Nov 2019 04:55:11 GMT" time="93.752" errors="0">
  <testcase name="Reports" time="93.752" classname="mobiotics.sys.testCases.ReportTest"/>
</testsuite> <!-- mobiotics.sys.testCases.ReportTest -->
