<?xml version="1.0" encoding="UTF-8"?>
<!-- Generated by org.testng.reporters.JUnitReportReporter -->
<testsuite skipped="0" hostname="LAPTOP-2NQTA952" name="mobiotics.sys.testCases.LoginPageTest" tests="1" failures="0" timestamp="17 Oct 2019 05:15:09 GMT" time="8.899" errors="0">
  <testcase name="Login" time="8.899" classname="mobiotics.sys.testCases.LoginPageTest"/>
</testsuite> <!-- mobiotics.sys.testCases.LoginPageTest -->
